
*** Running vivado
    with args -log design_1_dlmb_v10_0.vds -m64 -product Vivado -mode batch -messageDb vivado.pb -notrace -source design_1_dlmb_v10_0.tcl


****** Vivado v2018.1 (64-bit)
  **** SW Build 2188600 on Wed Apr  4 18:40:38 MDT 2018
  **** IP Build 2185939 on Wed Apr  4 20:55:05 MDT 2018
    ** Copyright 1986-2018 Xilinx, Inc. All Rights Reserved.

source design_1_dlmb_v10_0.tcl -notrace
Command: synth_design -top design_1_dlmb_v10_0 -part xc7a35ticsg324-1L -mode out_of_context
Starting synth_design
Attempting to get a license for feature 'Synthesis' and/or device 'xc7a35ti'
INFO: [Common 17-349] Got license for feature 'Synthesis' and/or device 'xc7a35ti'
INFO: Launching helper process for spawning children vivado processes
INFO: Helper process launched with PID 6132 
---------------------------------------------------------------------------------
Starting RTL Elaboration : Time (s): cpu = 00:00:08 ; elapsed = 00:00:11 . Memory (MB): peak = 386.469 ; gain = 100.457
---------------------------------------------------------------------------------
INFO: [Synth 8-638] synthesizing module 'design_1_dlmb_v10_0' [c:/UNSAM/Electronica_Digital_II/MicroBlaze/Sistema_Base/Sistema_Simple_2/project_1.srcs/sources_1/bd/design_1/ip/design_1_dlmb_v10_0/synth/design_1_dlmb_v10_0.vhd:89]
	Parameter C_LMB_NUM_SLAVES bound to: 1 - type: integer 
	Parameter C_LMB_DWIDTH bound to: 32 - type: integer 
	Parameter C_LMB_AWIDTH bound to: 32 - type: integer 
	Parameter C_EXT_RESET_HIGH bound to: 1 - type: integer 
INFO: [Synth 8-3491] module 'lmb_v10' declared at 'c:/UNSAM/Electronica_Digital_II/MicroBlaze/Sistema_Base/Sistema_Simple_2/project_1.srcs/sources_1/bd/design_1/ipshared/78eb/hdl/lmb_v10_v3_0_vh_rfs.vhd:92' bound to instance 'U0' of component 'lmb_v10' [c:/UNSAM/Electronica_Digital_II/MicroBlaze/Sistema_Base/Sistema_Simple_2/project_1.srcs/sources_1/bd/design_1/ip/design_1_dlmb_v10_0/synth/design_1_dlmb_v10_0.vhd:164]
INFO: [Synth 8-638] synthesizing module 'lmb_v10' [c:/UNSAM/Electronica_Digital_II/MicroBlaze/Sistema_Base/Sistema_Simple_2/project_1.srcs/sources_1/bd/design_1/ipshared/78eb/hdl/lmb_v10_v3_0_vh_rfs.vhd:140]
	Parameter C_LMB_NUM_SLAVES bound to: 1 - type: integer 
	Parameter C_LMB_DWIDTH bound to: 32 - type: integer 
	Parameter C_LMB_AWIDTH bound to: 32 - type: integer 
	Parameter C_EXT_RESET_HIGH bound to: 1 - type: integer 
INFO: [Synth 8-3491] module 'FDS' declared at 'C:/Xilinx/Vivado/2018.1/scripts/rt/data/unisim_comp.v:4089' bound to instance 'POR_FF_I' of component 'FDS' [c:/UNSAM/Electronica_Digital_II/MicroBlaze/Sistema_Base/Sistema_Simple_2/project_1.srcs/sources_1/bd/design_1/ipshared/78eb/hdl/lmb_v10_v3_0_vh_rfs.vhd:169]
INFO: [Synth 8-6157] synthesizing module 'FDS' [C:/Xilinx/Vivado/2018.1/scripts/rt/data/unisim_comp.v:4089]
	Parameter INIT bound to: 1'b1 
INFO: [Synth 8-6155] done synthesizing module 'FDS' (1#1) [C:/Xilinx/Vivado/2018.1/scripts/rt/data/unisim_comp.v:4089]
INFO: [Synth 8-256] done synthesizing module 'lmb_v10' (2#1) [c:/UNSAM/Electronica_Digital_II/MicroBlaze/Sistema_Base/Sistema_Simple_2/project_1.srcs/sources_1/bd/design_1/ipshared/78eb/hdl/lmb_v10_v3_0_vh_rfs.vhd:140]
INFO: [Synth 8-256] done synthesizing module 'design_1_dlmb_v10_0' (3#1) [c:/UNSAM/Electronica_Digital_II/MicroBlaze/Sistema_Base/Sistema_Simple_2/project_1.srcs/sources_1/bd/design_1/ip/design_1_dlmb_v10_0/synth/design_1_dlmb_v10_0.vhd:89]
---------------------------------------------------------------------------------
Finished RTL Elaboration : Time (s): cpu = 00:00:10 ; elapsed = 00:00:14 . Memory (MB): peak = 441.996 ; gain = 155.984
---------------------------------------------------------------------------------

Report Check Netlist: 
+------+------------------+-------+---------+-------+------------------+
|      |Item              |Errors |Warnings |Status |Description       |
+------+------------------+-------+---------+-------+------------------+
|1     |multi_driven_nets |      0|        0|Passed |Multi driven nets |
+------+------------------+-------+---------+-------+------------------+
---------------------------------------------------------------------------------
Start Handling Custom Attributes
---------------------------------------------------------------------------------
---------------------------------------------------------------------------------
Finished Handling Custom Attributes : Time (s): cpu = 00:00:10 ; elapsed = 00:00:14 . Memory (MB): peak = 441.996 ; gain = 155.984
---------------------------------------------------------------------------------
---------------------------------------------------------------------------------
Finished RTL Optimization Phase 1 : Time (s): cpu = 00:00:10 ; elapsed = 00:00:14 . Memory (MB): peak = 441.996 ; gain = 155.984
---------------------------------------------------------------------------------
INFO: [Netlist 29-17] Analyzing 1 Unisim elements for replacement
INFO: [Netlist 29-28] Unisim Transformation completed in 0 CPU seconds
INFO: [Device 21-403] Loading part xc7a35ticsg324-1L
INFO: [Project 1-570] Preparing netlist for logic optimization

Processing XDC Constraints
Initializing timing engine
Parsing XDC File [c:/UNSAM/Electronica_Digital_II/MicroBlaze/Sistema_Base/Sistema_Simple_2/project_1.srcs/sources_1/bd/design_1/ip/design_1_dlmb_v10_0/design_1_dlmb_v10_0_ooc.xdc] for cell 'U0'
Finished Parsing XDC File [c:/UNSAM/Electronica_Digital_II/MicroBlaze/Sistema_Base/Sistema_Simple_2/project_1.srcs/sources_1/bd/design_1/ip/design_1_dlmb_v10_0/design_1_dlmb_v10_0_ooc.xdc] for cell 'U0'
Parsing XDC File [c:/UNSAM/Electronica_Digital_II/MicroBlaze/Sistema_Base/Sistema_Simple_2/project_1.srcs/sources_1/bd/design_1/ip/design_1_dlmb_v10_0/design_1_dlmb_v10_0.xdc] for cell 'U0'
Finished Parsing XDC File [c:/UNSAM/Electronica_Digital_II/MicroBlaze/Sistema_Base/Sistema_Simple_2/project_1.srcs/sources_1/bd/design_1/ip/design_1_dlmb_v10_0/design_1_dlmb_v10_0.xdc] for cell 'U0'
Parsing XDC File [C:/UNSAM/Electronica_Digital_II/MicroBlaze/Sistema_Base/Sistema_Simple_2/project_1.runs/design_1_dlmb_v10_0_synth_1/dont_touch.xdc]
Finished Parsing XDC File [C:/UNSAM/Electronica_Digital_II/MicroBlaze/Sistema_Base/Sistema_Simple_2/project_1.runs/design_1_dlmb_v10_0_synth_1/dont_touch.xdc]
Completed Processing XDC Constraints

INFO: [Project 1-111] Unisim Transformation Summary:
  A total of 1 instances were transformed.
  FDS => FDSE: 1 instances

Constraint Validation Runtime : Time (s): cpu = 00:00:00 ; elapsed = 00:00:00.114 . Memory (MB): peak = 678.727 ; gain = 1.570
---------------------------------------------------------------------------------
Finished Constraint Validation : Time (s): cpu = 00:00:28 ; elapsed = 00:00:41 . Memory (MB): peak = 678.727 ; gain = 392.715
---------------------------------------------------------------------------------
---------------------------------------------------------------------------------
Start Loading Part and Timing Information
---------------------------------------------------------------------------------
Loading part: xc7a35ticsg324-1L
---------------------------------------------------------------------------------
Finished Loading Part and Timing Information : Time (s): cpu = 00:00:28 ; elapsed = 00:00:41 . Memory (MB): peak = 678.727 ; gain = 392.715
---------------------------------------------------------------------------------
---------------------------------------------------------------------------------
Start Applying 'set_property' XDC Constraints
---------------------------------------------------------------------------------
Applied set_property DONT_TOUCH = true for U0. (constraint file  C:/UNSAM/Electronica_Digital_II/MicroBlaze/Sistema_Base/Sistema_Simple_2/project_1.runs/design_1_dlmb_v10_0_synth_1/dont_touch.xdc, line 9).
---------------------------------------------------------------------------------
Finished applying 'set_property' XDC Constraints : Time (s): cpu = 00:00:28 ; elapsed = 00:00:41 . Memory (MB): peak = 678.727 ; gain = 392.715
---------------------------------------------------------------------------------
---------------------------------------------------------------------------------
Finished RTL Optimization Phase 2 : Time (s): cpu = 00:00:28 ; elapsed = 00:00:42 . Memory (MB): peak = 678.727 ; gain = 392.715
---------------------------------------------------------------------------------

Report RTL Partitions: 
+-+--------------+------------+----------+
| |RTL Partition |Replication |Instances |
+-+--------------+------------+----------+
+-+--------------+------------+----------+
---------------------------------------------------------------------------------
Start RTL Component Statistics 
---------------------------------------------------------------------------------
Detailed RTL Component Info : 
---------------------------------------------------------------------------------
Finished RTL Component Statistics 
---------------------------------------------------------------------------------
---------------------------------------------------------------------------------
Start RTL Hierarchical Component Statistics 
---------------------------------------------------------------------------------
Hierarchical RTL Component report 
---------------------------------------------------------------------------------
Finished RTL Hierarchical Component Statistics
---------------------------------------------------------------------------------
---------------------------------------------------------------------------------
Start Part Resource Summary
---------------------------------------------------------------------------------
Part Resources:
DSPs: 90 (col length:60)
BRAMs: 100 (col length: RAMB18 60 RAMB36 30)
---------------------------------------------------------------------------------
Finished Part Resource Summary
---------------------------------------------------------------------------------
---------------------------------------------------------------------------------
Start Cross Boundary and Area Optimization
---------------------------------------------------------------------------------
Warning: Parallel synthesis criteria is not met 
---------------------------------------------------------------------------------
Finished Cross Boundary and Area Optimization : Time (s): cpu = 00:00:29 ; elapsed = 00:00:43 . Memory (MB): peak = 678.727 ; gain = 392.715
---------------------------------------------------------------------------------

Report RTL Partitions: 
+-+--------------+------------+----------+
| |RTL Partition |Replication |Instances |
+-+--------------+------------+----------+
+-+--------------+------------+----------+
---------------------------------------------------------------------------------
Start Applying XDC Timing Constraints
---------------------------------------------------------------------------------
---------------------------------------------------------------------------------
Finished Applying XDC Timing Constraints : Time (s): cpu = 00:00:43 ; elapsed = 00:01:01 . Memory (MB): peak = 728.984 ; gain = 442.973
---------------------------------------------------------------------------------
---------------------------------------------------------------------------------
Start Timing Optimization
---------------------------------------------------------------------------------
---------------------------------------------------------------------------------
Finished Timing Optimization : Time (s): cpu = 00:00:43 ; elapsed = 00:01:01 . Memory (MB): peak = 729.059 ; gain = 443.047
---------------------------------------------------------------------------------

Report RTL Partitions: 
+-+--------------+------------+----------+
| |RTL Partition |Replication |Instances |
+-+--------------+------------+----------+
+-+--------------+------------+----------+
---------------------------------------------------------------------------------
Start Technology Mapping
---------------------------------------------------------------------------------
---------------------------------------------------------------------------------
Finished Technology Mapping : Time (s): cpu = 00:00:43 ; elapsed = 00:01:01 . Memory (MB): peak = 729.133 ; gain = 443.121
---------------------------------------------------------------------------------

Report RTL Partitions: 
+-+--------------+------------+----------+
| |RTL Partition |Replication |Instances |
+-+--------------+------------+----------+
+-+--------------+------------+----------+
---------------------------------------------------------------------------------
Start IO Insertion
---------------------------------------------------------------------------------
---------------------------------------------------------------------------------
Start Flattening Before IO Insertion
---------------------------------------------------------------------------------
---------------------------------------------------------------------------------
Finished Flattening Before IO Insertion
---------------------------------------------------------------------------------
---------------------------------------------------------------------------------
Start Final Netlist Cleanup
---------------------------------------------------------------------------------
---------------------------------------------------------------------------------
Finished Final Netlist Cleanup
---------------------------------------------------------------------------------
---------------------------------------------------------------------------------
Finished IO Insertion : Time (s): cpu = 00:00:45 ; elapsed = 00:01:04 . Memory (MB): peak = 730.262 ; gain = 444.250
---------------------------------------------------------------------------------

Report Check Netlist: 
+------+------------------+-------+---------+-------+------------------+
|      |Item              |Errors |Warnings |Status |Description       |
+------+------------------+-------+---------+-------+------------------+
|1     |multi_driven_nets |      0|        0|Passed |Multi driven nets |
+------+------------------+-------+---------+-------+------------------+
---------------------------------------------------------------------------------
Start Renaming Generated Instances
---------------------------------------------------------------------------------
---------------------------------------------------------------------------------
Finished Renaming Generated Instances : Time (s): cpu = 00:00:45 ; elapsed = 00:01:04 . Memory (MB): peak = 730.262 ; gain = 444.250
---------------------------------------------------------------------------------

Report RTL Partitions: 
+-+--------------+------------+----------+
| |RTL Partition |Replication |Instances |
+-+--------------+------------+----------+
+-+--------------+------------+----------+
---------------------------------------------------------------------------------
Start Rebuilding User Hierarchy
---------------------------------------------------------------------------------
---------------------------------------------------------------------------------
Finished Rebuilding User Hierarchy : Time (s): cpu = 00:00:45 ; elapsed = 00:01:04 . Memory (MB): peak = 730.262 ; gain = 444.250
---------------------------------------------------------------------------------
---------------------------------------------------------------------------------
Start Renaming Generated Ports
---------------------------------------------------------------------------------
---------------------------------------------------------------------------------
Finished Renaming Generated Ports : Time (s): cpu = 00:00:45 ; elapsed = 00:01:04 . Memory (MB): peak = 730.262 ; gain = 444.250
---------------------------------------------------------------------------------
---------------------------------------------------------------------------------
Start Handling Custom Attributes
---------------------------------------------------------------------------------
---------------------------------------------------------------------------------
Finished Handling Custom Attributes : Time (s): cpu = 00:00:45 ; elapsed = 00:01:04 . Memory (MB): peak = 730.262 ; gain = 444.250
---------------------------------------------------------------------------------
---------------------------------------------------------------------------------
Start Renaming Generated Nets
---------------------------------------------------------------------------------
---------------------------------------------------------------------------------
Finished Renaming Generated Nets : Time (s): cpu = 00:00:45 ; elapsed = 00:01:04 . Memory (MB): peak = 730.262 ; gain = 444.250
---------------------------------------------------------------------------------
---------------------------------------------------------------------------------
Start Writing Synthesis Report
---------------------------------------------------------------------------------

Report BlackBoxes: 
+-+--------------+----------+
| |BlackBox name |Instances |
+-+--------------+----------+
+-+--------------+----------+

Report Cell Usage: 
+------+-----+------+
|      |Cell |Count |
+------+-----+------+
|1     |FDS  |     1|
+------+-----+------+

Report Instance Areas: 
+------+---------+--------+------+
|      |Instance |Module  |Cells |
+------+---------+--------+------+
|1     |top      |        |     1|
|2     |  U0     |lmb_v10 |     1|
+------+---------+--------+------+
---------------------------------------------------------------------------------
Finished Writing Synthesis Report : Time (s): cpu = 00:00:45 ; elapsed = 00:01:04 . Memory (MB): peak = 730.262 ; gain = 444.250
---------------------------------------------------------------------------------
Synthesis finished with 0 errors, 0 critical warnings and 0 warnings.
Synthesis Optimization Runtime : Time (s): cpu = 00:00:27 ; elapsed = 00:00:48 . Memory (MB): peak = 730.262 ; gain = 207.520
Synthesis Optimization Complete : Time (s): cpu = 00:00:46 ; elapsed = 00:01:05 . Memory (MB): peak = 730.262 ; gain = 444.250
INFO: [Project 1-571] Translating synthesized netlist
INFO: [Netlist 29-17] Analyzing 1 Unisim elements for replacement
INFO: [Netlist 29-28] Unisim Transformation completed in 0 CPU seconds
INFO: [Project 1-570] Preparing netlist for logic optimization
INFO: [Opt 31-138] Pushed 0 inverter(s) to 0 load pin(s).
INFO: [Project 1-111] Unisim Transformation Summary:
  A total of 1 instances were transformed.
  FDS => FDSE: 1 instances

INFO: [Common 17-83] Releasing license: Synthesis
21 Infos, 0 Warnings, 0 Critical Warnings and 0 Errors encountered.
synth_design completed successfully
synth_design: Time (s): cpu = 00:00:48 ; elapsed = 00:01:09 . Memory (MB): peak = 752.113 ; gain = 477.574
INFO: [Common 17-1381] The checkpoint 'C:/UNSAM/Electronica_Digital_II/MicroBlaze/Sistema_Base/Sistema_Simple_2/project_1.runs/design_1_dlmb_v10_0_synth_1/design_1_dlmb_v10_0.dcp' has been generated.
