12:33:32 INFO  : Registering command handlers for SDK TCF services
12:33:34 INFO  : Launching XSCT server: xsct.bat -interactive C:\UNSAM\Electronica_Digital_II\MicroBlaze\Sistema_Base\Sistema_Simple_3\project_1.sdk\temp_xsdb_launch_script.tcl
12:33:40 INFO  : XSCT server has started successfully.
12:33:40 INFO  : Successfully done setting XSCT server connection channel  
12:33:41 INFO  : Successfully done setting SDK workspace  
12:33:41 INFO  : Processing command line option -hwspec C:/UNSAM/Electronica_Digital_II/MicroBlaze/Sistema_Base/Sistema_Simple_3/project_1.sdk/design_1_wrapper.hdf.
12:36:52 INFO  : Connected to target on host '127.0.0.1' and port '3121'.
12:36:54 INFO  : 'targets -set -filter {jtag_cable_name =~ "Digilent Arty 210319A2CE9FA" && level==0} -index 0' command is executed.
12:36:55 INFO  : FPGA configured successfully with bitstream "C:/UNSAM/Electronica_Digital_II/MicroBlaze/Sistema_Base/Sistema_Simple_3/project_1.sdk/design_1_wrapper_hw_platform_0/download.bit"
12:37:41 INFO  : 'targets -set -filter {jtag_cable_name =~ "Digilent Arty 210319A2CE9FA" && level==0} -index 0' command is executed.
12:37:41 INFO  : 'fpga -state' command is executed.
12:37:41 INFO  : Connected to target on host '127.0.0.1' and port '3121'.
12:37:41 INFO  : Jtag cable 'Digilent Arty 210319A2CE9FA' is selected.
12:37:41 INFO  : 'jtag frequency' command is executed.
12:37:41 INFO  : 'configparams mdm-detect-bscan-mask 2' command is executed.
12:37:42 INFO  : Context for processor 'microblaze_0' is selected.
12:37:42 INFO  : Processor reset is completed for 'microblaze_0'.
12:37:42 INFO  : Context for processor 'microblaze_0' is selected.
12:37:42 INFO  : The application 'C:/UNSAM/Electronica_Digital_II/MicroBlaze/Sistema_Base/Sistema_Simple_3/project_1.sdk/testApp/Debug/testApp.elf' is downloaded to processor 'microblaze_0'.
12:37:42 INFO  : ----------------XSDB Script----------------
connect -url tcp:127.0.0.1:3121
configparams mdm-detect-bscan-mask 2
targets -set -nocase -filter {name =~ "microblaze*#0" && bscan=="USER2"  && jtag_cable_name =~ "Digilent Arty 210319A2CE9FA"} -index 0
rst -processor
targets -set -nocase -filter {name =~ "microblaze*#0" && bscan=="USER2"  && jtag_cable_name =~ "Digilent Arty 210319A2CE9FA"} -index 0
dow C:/UNSAM/Electronica_Digital_II/MicroBlaze/Sistema_Base/Sistema_Simple_3/project_1.sdk/testApp/Debug/testApp.elf
----------------End of Script----------------

12:37:42 INFO  : Memory regions updated for context PA
12:37:42 INFO  : Memory regions updated for context PA
12:37:42 INFO  : Context for processor 'microblaze_0' is selected.
12:37:42 INFO  : 'con' command is executed.
12:37:42 INFO  : ----------------XSDB Script (After Launch)----------------
targets -set -nocase -filter {name =~ "microblaze*#0" && bscan=="USER2"  && jtag_cable_name =~ "Digilent Arty 210319A2CE9FA"} -index 0
con
----------------End of Script----------------

12:37:42 INFO  : Launch script is exported to file 'C:\UNSAM\Electronica_Digital_II\MicroBlaze\Sistema_Base\Sistema_Simple_3\project_1.sdk\.sdk\launch_scripts\xilinx_c-c++_application_(system_debugger)\system_debugger_using_debug_testapp.elf_on_local.tcl'
12:38:27 INFO  : Disconnected from the channel tcfchan#1.
12:38:28 INFO  : 'targets -set -filter {jtag_cable_name =~ "Digilent Arty 210319A2CE9FA" && level==0} -index 0' command is executed.
12:38:28 INFO  : 'fpga -state' command is executed.
12:38:29 INFO  : Connected to target on host '127.0.0.1' and port '3121'.
12:38:30 INFO  : Jtag cable 'Digilent Arty 210319A2CE9FA' is selected.
12:38:30 INFO  : 'jtag frequency' command is executed.
12:38:30 INFO  : 'configparams mdm-detect-bscan-mask 2' command is executed.
12:38:30 INFO  : Context for processor 'microblaze_0' is selected.
12:38:30 INFO  : Processor reset is completed for 'microblaze_0'.
12:38:30 INFO  : Context for processor 'microblaze_0' is selected.
12:38:30 INFO  : The application 'C:/UNSAM/Electronica_Digital_II/MicroBlaze/Sistema_Base/Sistema_Simple_3/project_1.sdk/testApp/Debug/testApp.elf' is downloaded to processor 'microblaze_0'.
12:38:30 INFO  : ----------------XSDB Script----------------
connect -url tcp:127.0.0.1:3121
configparams mdm-detect-bscan-mask 2
targets -set -nocase -filter {name =~ "microblaze*#0" && bscan=="USER2"  && jtag_cable_name =~ "Digilent Arty 210319A2CE9FA"} -index 0
rst -processor
targets -set -nocase -filter {name =~ "microblaze*#0" && bscan=="USER2"  && jtag_cable_name =~ "Digilent Arty 210319A2CE9FA"} -index 0
dow C:/UNSAM/Electronica_Digital_II/MicroBlaze/Sistema_Base/Sistema_Simple_3/project_1.sdk/testApp/Debug/testApp.elf
----------------End of Script----------------

12:38:31 INFO  : Memory regions updated for context PA
12:38:31 INFO  : Memory regions updated for context PA
12:38:31 INFO  : Context for processor 'microblaze_0' is selected.
12:38:31 INFO  : 'con' command is executed.
12:38:31 INFO  : ----------------XSDB Script (After Launch)----------------
targets -set -nocase -filter {name =~ "microblaze*#0" && bscan=="USER2"  && jtag_cable_name =~ "Digilent Arty 210319A2CE9FA"} -index 0
con
----------------End of Script----------------

12:38:31 INFO  : Launch script is exported to file 'C:\UNSAM\Electronica_Digital_II\MicroBlaze\Sistema_Base\Sistema_Simple_3\project_1.sdk\.sdk\launch_scripts\xilinx_c-c++_application_(system_debugger)\system_debugger_using_debug_testapp.elf_on_local.tcl'
12:45:26 INFO  : Disconnected from the channel tcfchan#2.
12:45:27 INFO  : 'targets -set -filter {jtag_cable_name =~ "Digilent Arty 210319A2CE9FA" && level==0} -index 0' command is executed.
12:45:27 INFO  : 'fpga -state' command is executed.
12:45:27 INFO  : Connected to target on host '127.0.0.1' and port '3121'.
12:45:27 INFO  : Jtag cable 'Digilent Arty 210319A2CE9FA' is selected.
12:45:27 INFO  : 'jtag frequency' command is executed.
12:45:27 INFO  : 'configparams mdm-detect-bscan-mask 2' command is executed.
12:45:27 INFO  : Context for processor 'microblaze_0' is selected.
12:45:27 INFO  : Processor reset is completed for 'microblaze_0'.
12:45:27 INFO  : Context for processor 'microblaze_0' is selected.
12:45:27 INFO  : The application 'C:/UNSAM/Electronica_Digital_II/MicroBlaze/Sistema_Base/Sistema_Simple_3/project_1.sdk/testApp/Debug/testApp.elf' is downloaded to processor 'microblaze_0'.
12:45:27 INFO  : ----------------XSDB Script----------------
connect -url tcp:127.0.0.1:3121
configparams mdm-detect-bscan-mask 2
targets -set -nocase -filter {name =~ "microblaze*#0" && bscan=="USER2"  && jtag_cable_name =~ "Digilent Arty 210319A2CE9FA"} -index 0
rst -processor
targets -set -nocase -filter {name =~ "microblaze*#0" && bscan=="USER2"  && jtag_cable_name =~ "Digilent Arty 210319A2CE9FA"} -index 0
dow C:/UNSAM/Electronica_Digital_II/MicroBlaze/Sistema_Base/Sistema_Simple_3/project_1.sdk/testApp/Debug/testApp.elf
----------------End of Script----------------

12:45:28 INFO  : Memory regions updated for context PA
12:45:28 INFO  : Memory regions updated for context PA
12:45:28 INFO  : Context for processor 'microblaze_0' is selected.
12:45:28 INFO  : 'con' command is executed.
12:45:28 INFO  : ----------------XSDB Script (After Launch)----------------
targets -set -nocase -filter {name =~ "microblaze*#0" && bscan=="USER2"  && jtag_cable_name =~ "Digilent Arty 210319A2CE9FA"} -index 0
con
----------------End of Script----------------

12:45:28 INFO  : Launch script is exported to file 'C:\UNSAM\Electronica_Digital_II\MicroBlaze\Sistema_Base\Sistema_Simple_3\project_1.sdk\.sdk\launch_scripts\xilinx_c-c++_application_(system_debugger)\system_debugger_using_debug_testapp.elf_on_local.tcl'
12:55:56 INFO  : Disconnected from the channel tcfchan#3.
12:55:57 INFO  : 'targets -set -filter {jtag_cable_name =~ "Digilent Arty 210319A2CE9FA" && level==0} -index 0' command is executed.
12:55:57 INFO  : 'fpga -state' command is executed.
12:55:57 INFO  : Connected to target on host '127.0.0.1' and port '3121'.
12:55:57 INFO  : Jtag cable 'Digilent Arty 210319A2CE9FA' is selected.
12:55:57 INFO  : 'jtag frequency' command is executed.
12:55:57 INFO  : 'configparams mdm-detect-bscan-mask 2' command is executed.
12:55:57 INFO  : Context for processor 'microblaze_0' is selected.
12:55:57 INFO  : Processor reset is completed for 'microblaze_0'.
12:55:58 INFO  : Context for processor 'microblaze_0' is selected.
12:55:58 INFO  : The application 'C:/UNSAM/Electronica_Digital_II/MicroBlaze/Sistema_Base/Sistema_Simple_3/project_1.sdk/testApp/Debug/testApp.elf' is downloaded to processor 'microblaze_0'.
12:55:58 INFO  : ----------------XSDB Script----------------
connect -url tcp:127.0.0.1:3121
configparams mdm-detect-bscan-mask 2
targets -set -nocase -filter {name =~ "microblaze*#0" && bscan=="USER2"  && jtag_cable_name =~ "Digilent Arty 210319A2CE9FA"} -index 0
rst -processor
targets -set -nocase -filter {name =~ "microblaze*#0" && bscan=="USER2"  && jtag_cable_name =~ "Digilent Arty 210319A2CE9FA"} -index 0
dow C:/UNSAM/Electronica_Digital_II/MicroBlaze/Sistema_Base/Sistema_Simple_3/project_1.sdk/testApp/Debug/testApp.elf
----------------End of Script----------------

12:55:58 INFO  : Memory regions updated for context PA
12:55:58 INFO  : Memory regions updated for context PA
12:55:58 INFO  : Context for processor 'microblaze_0' is selected.
12:55:58 INFO  : 'con' command is executed.
12:55:58 INFO  : ----------------XSDB Script (After Launch)----------------
targets -set -nocase -filter {name =~ "microblaze*#0" && bscan=="USER2"  && jtag_cable_name =~ "Digilent Arty 210319A2CE9FA"} -index 0
con
----------------End of Script----------------

12:55:58 INFO  : Launch script is exported to file 'C:\UNSAM\Electronica_Digital_II\MicroBlaze\Sistema_Base\Sistema_Simple_3\project_1.sdk\.sdk\launch_scripts\xilinx_c-c++_application_(system_debugger)\system_debugger_using_debug_testapp.elf_on_local.tcl'
13:01:25 INFO  : Disconnected from the channel tcfchan#4.
13:01:26 INFO  : 'targets -set -filter {jtag_cable_name =~ "Digilent Arty 210319A2CE9FA" && level==0} -index 0' command is executed.
13:01:26 INFO  : 'fpga -state' command is executed.
13:01:26 INFO  : Connected to target on host '127.0.0.1' and port '3121'.
13:01:27 INFO  : Jtag cable 'Digilent Arty 210319A2CE9FA' is selected.
13:01:27 INFO  : 'jtag frequency' command is executed.
13:01:27 INFO  : 'configparams mdm-detect-bscan-mask 2' command is executed.
13:01:27 INFO  : Context for processor 'microblaze_0' is selected.
13:01:27 INFO  : Processor reset is completed for 'microblaze_0'.
13:01:27 INFO  : Context for processor 'microblaze_0' is selected.
13:01:28 INFO  : The application 'C:/UNSAM/Electronica_Digital_II/MicroBlaze/Sistema_Base/Sistema_Simple_3/project_1.sdk/testApp/Debug/testApp.elf' is downloaded to processor 'microblaze_0'.
13:01:28 INFO  : ----------------XSDB Script----------------
connect -url tcp:127.0.0.1:3121
configparams mdm-detect-bscan-mask 2
targets -set -nocase -filter {name =~ "microblaze*#0" && bscan=="USER2"  && jtag_cable_name =~ "Digilent Arty 210319A2CE9FA"} -index 0
rst -processor
targets -set -nocase -filter {name =~ "microblaze*#0" && bscan=="USER2"  && jtag_cable_name =~ "Digilent Arty 210319A2CE9FA"} -index 0
dow C:/UNSAM/Electronica_Digital_II/MicroBlaze/Sistema_Base/Sistema_Simple_3/project_1.sdk/testApp/Debug/testApp.elf
----------------End of Script----------------

13:01:28 INFO  : Memory regions updated for context PA
13:01:28 INFO  : Memory regions updated for context PA
13:01:28 INFO  : Context for processor 'microblaze_0' is selected.
13:01:28 INFO  : 'con' command is executed.
13:01:28 INFO  : ----------------XSDB Script (After Launch)----------------
targets -set -nocase -filter {name =~ "microblaze*#0" && bscan=="USER2"  && jtag_cable_name =~ "Digilent Arty 210319A2CE9FA"} -index 0
con
----------------End of Script----------------

13:01:28 INFO  : Launch script is exported to file 'C:\UNSAM\Electronica_Digital_II\MicroBlaze\Sistema_Base\Sistema_Simple_3\project_1.sdk\.sdk\launch_scripts\xilinx_c-c++_application_(system_debugger)\system_debugger_using_debug_testapp.elf_on_local.tcl'
13:02:20 INFO  : Disconnected from the channel tcfchan#5.
13:02:21 INFO  : 'targets -set -filter {jtag_cable_name =~ "Digilent Arty 210319A2CE9FA" && level==0} -index 0' command is executed.
13:02:21 INFO  : 'fpga -state' command is executed.
13:02:21 INFO  : Connected to target on host '127.0.0.1' and port '3121'.
13:02:22 INFO  : Jtag cable 'Digilent Arty 210319A2CE9FA' is selected.
13:02:22 INFO  : 'jtag frequency' command is executed.
13:02:22 INFO  : 'configparams mdm-detect-bscan-mask 2' command is executed.
13:02:22 INFO  : Context for processor 'microblaze_0' is selected.
13:02:22 INFO  : Processor reset is completed for 'microblaze_0'.
13:02:22 INFO  : Context for processor 'microblaze_0' is selected.
13:02:23 INFO  : The application 'C:/UNSAM/Electronica_Digital_II/MicroBlaze/Sistema_Base/Sistema_Simple_3/project_1.sdk/testApp/Debug/testApp.elf' is downloaded to processor 'microblaze_0'.
13:02:23 INFO  : ----------------XSDB Script----------------
connect -url tcp:127.0.0.1:3121
configparams mdm-detect-bscan-mask 2
targets -set -nocase -filter {name =~ "microblaze*#0" && bscan=="USER2"  && jtag_cable_name =~ "Digilent Arty 210319A2CE9FA"} -index 0
rst -processor
targets -set -nocase -filter {name =~ "microblaze*#0" && bscan=="USER2"  && jtag_cable_name =~ "Digilent Arty 210319A2CE9FA"} -index 0
dow C:/UNSAM/Electronica_Digital_II/MicroBlaze/Sistema_Base/Sistema_Simple_3/project_1.sdk/testApp/Debug/testApp.elf
----------------End of Script----------------

13:02:23 INFO  : Memory regions updated for context PA
13:02:23 INFO  : Memory regions updated for context PA
13:02:23 INFO  : Context for processor 'microblaze_0' is selected.
13:02:23 INFO  : 'con' command is executed.
13:02:23 INFO  : ----------------XSDB Script (After Launch)----------------
targets -set -nocase -filter {name =~ "microblaze*#0" && bscan=="USER2"  && jtag_cable_name =~ "Digilent Arty 210319A2CE9FA"} -index 0
con
----------------End of Script----------------

13:02:23 INFO  : Launch script is exported to file 'C:\UNSAM\Electronica_Digital_II\MicroBlaze\Sistema_Base\Sistema_Simple_3\project_1.sdk\.sdk\launch_scripts\xilinx_c-c++_application_(system_debugger)\system_debugger_using_debug_testapp.elf_on_local.tcl'
13:03:06 INFO  : Disconnected from the channel tcfchan#6.
13:03:07 INFO  : 'targets -set -filter {jtag_cable_name =~ "Digilent Arty 210319A2CE9FA" && level==0} -index 0' command is executed.
13:03:07 INFO  : 'fpga -state' command is executed.
13:03:07 INFO  : Connected to target on host '127.0.0.1' and port '3121'.
13:03:08 INFO  : Jtag cable 'Digilent Arty 210319A2CE9FA' is selected.
13:03:08 INFO  : 'jtag frequency' command is executed.
13:03:08 INFO  : 'configparams mdm-detect-bscan-mask 2' command is executed.
13:03:08 INFO  : Context for processor 'microblaze_0' is selected.
13:03:08 INFO  : Processor reset is completed for 'microblaze_0'.
13:03:08 INFO  : Context for processor 'microblaze_0' is selected.
13:03:08 INFO  : The application 'C:/UNSAM/Electronica_Digital_II/MicroBlaze/Sistema_Base/Sistema_Simple_3/project_1.sdk/testApp/Debug/testApp.elf' is downloaded to processor 'microblaze_0'.
13:03:08 INFO  : ----------------XSDB Script----------------
connect -url tcp:127.0.0.1:3121
configparams mdm-detect-bscan-mask 2
targets -set -nocase -filter {name =~ "microblaze*#0" && bscan=="USER2"  && jtag_cable_name =~ "Digilent Arty 210319A2CE9FA"} -index 0
rst -processor
targets -set -nocase -filter {name =~ "microblaze*#0" && bscan=="USER2"  && jtag_cable_name =~ "Digilent Arty 210319A2CE9FA"} -index 0
dow C:/UNSAM/Electronica_Digital_II/MicroBlaze/Sistema_Base/Sistema_Simple_3/project_1.sdk/testApp/Debug/testApp.elf
----------------End of Script----------------

13:03:08 INFO  : Memory regions updated for context PA
13:03:08 INFO  : Memory regions updated for context PA
13:03:08 INFO  : Context for processor 'microblaze_0' is selected.
13:03:08 INFO  : 'con' command is executed.
13:03:08 INFO  : ----------------XSDB Script (After Launch)----------------
targets -set -nocase -filter {name =~ "microblaze*#0" && bscan=="USER2"  && jtag_cable_name =~ "Digilent Arty 210319A2CE9FA"} -index 0
con
----------------End of Script----------------

13:03:08 INFO  : Launch script is exported to file 'C:\UNSAM\Electronica_Digital_II\MicroBlaze\Sistema_Base\Sistema_Simple_3\project_1.sdk\.sdk\launch_scripts\xilinx_c-c++_application_(system_debugger)\system_debugger_using_debug_testapp.elf_on_local.tcl'
13:04:23 INFO  : Disconnected from the channel tcfchan#7.
13:04:24 INFO  : 'targets -set -filter {jtag_cable_name =~ "Digilent Arty 210319A2CE9FA" && level==0} -index 0' command is executed.
13:04:24 INFO  : 'fpga -state' command is executed.
13:04:24 INFO  : Connected to target on host '127.0.0.1' and port '3121'.
13:04:25 INFO  : Jtag cable 'Digilent Arty 210319A2CE9FA' is selected.
13:04:25 INFO  : 'jtag frequency' command is executed.
13:04:25 INFO  : 'configparams mdm-detect-bscan-mask 2' command is executed.
13:04:25 INFO  : Context for processor 'microblaze_0' is selected.
13:04:25 INFO  : Processor reset is completed for 'microblaze_0'.
13:04:25 INFO  : Context for processor 'microblaze_0' is selected.
13:04:25 INFO  : The application 'C:/UNSAM/Electronica_Digital_II/MicroBlaze/Sistema_Base/Sistema_Simple_3/project_1.sdk/testApp/Debug/testApp.elf' is downloaded to processor 'microblaze_0'.
13:04:25 INFO  : ----------------XSDB Script----------------
connect -url tcp:127.0.0.1:3121
configparams mdm-detect-bscan-mask 2
targets -set -nocase -filter {name =~ "microblaze*#0" && bscan=="USER2"  && jtag_cable_name =~ "Digilent Arty 210319A2CE9FA"} -index 0
rst -processor
targets -set -nocase -filter {name =~ "microblaze*#0" && bscan=="USER2"  && jtag_cable_name =~ "Digilent Arty 210319A2CE9FA"} -index 0
dow C:/UNSAM/Electronica_Digital_II/MicroBlaze/Sistema_Base/Sistema_Simple_3/project_1.sdk/testApp/Debug/testApp.elf
----------------End of Script----------------

13:04:26 INFO  : Memory regions updated for context PA
13:04:26 INFO  : Memory regions updated for context PA
13:04:26 INFO  : Context for processor 'microblaze_0' is selected.
13:04:26 INFO  : 'con' command is executed.
13:04:26 INFO  : ----------------XSDB Script (After Launch)----------------
targets -set -nocase -filter {name =~ "microblaze*#0" && bscan=="USER2"  && jtag_cable_name =~ "Digilent Arty 210319A2CE9FA"} -index 0
con
----------------End of Script----------------

13:04:26 INFO  : Launch script is exported to file 'C:\UNSAM\Electronica_Digital_II\MicroBlaze\Sistema_Base\Sistema_Simple_3\project_1.sdk\.sdk\launch_scripts\xilinx_c-c++_application_(system_debugger)\system_debugger_using_debug_testapp.elf_on_local.tcl'
13:05:11 INFO  : Disconnected from the channel tcfchan#8.
13:05:12 INFO  : 'targets -set -filter {jtag_cable_name =~ "Digilent Arty 210319A2CE9FA" && level==0} -index 0' command is executed.
13:05:13 INFO  : 'fpga -state' command is executed.
13:05:13 INFO  : Connected to target on host '127.0.0.1' and port '3121'.
13:05:13 INFO  : Jtag cable 'Digilent Arty 210319A2CE9FA' is selected.
13:05:13 INFO  : 'jtag frequency' command is executed.
13:05:13 INFO  : 'configparams mdm-detect-bscan-mask 2' command is executed.
13:05:13 INFO  : Context for processor 'microblaze_0' is selected.
13:05:14 INFO  : Processor reset is completed for 'microblaze_0'.
13:05:14 INFO  : Context for processor 'microblaze_0' is selected.
13:05:14 INFO  : The application 'C:/UNSAM/Electronica_Digital_II/MicroBlaze/Sistema_Base/Sistema_Simple_3/project_1.sdk/testApp/Debug/testApp.elf' is downloaded to processor 'microblaze_0'.
13:05:14 INFO  : ----------------XSDB Script----------------
connect -url tcp:127.0.0.1:3121
configparams mdm-detect-bscan-mask 2
targets -set -nocase -filter {name =~ "microblaze*#0" && bscan=="USER2"  && jtag_cable_name =~ "Digilent Arty 210319A2CE9FA"} -index 0
rst -processor
targets -set -nocase -filter {name =~ "microblaze*#0" && bscan=="USER2"  && jtag_cable_name =~ "Digilent Arty 210319A2CE9FA"} -index 0
dow C:/UNSAM/Electronica_Digital_II/MicroBlaze/Sistema_Base/Sistema_Simple_3/project_1.sdk/testApp/Debug/testApp.elf
----------------End of Script----------------

13:05:14 INFO  : Memory regions updated for context PA
13:05:14 INFO  : Memory regions updated for context PA
13:05:14 INFO  : Context for processor 'microblaze_0' is selected.
13:05:14 INFO  : 'con' command is executed.
13:05:14 INFO  : ----------------XSDB Script (After Launch)----------------
targets -set -nocase -filter {name =~ "microblaze*#0" && bscan=="USER2"  && jtag_cable_name =~ "Digilent Arty 210319A2CE9FA"} -index 0
con
----------------End of Script----------------

13:05:14 INFO  : Launch script is exported to file 'C:\UNSAM\Electronica_Digital_II\MicroBlaze\Sistema_Base\Sistema_Simple_3\project_1.sdk\.sdk\launch_scripts\xilinx_c-c++_application_(system_debugger)\system_debugger_using_debug_testapp.elf_on_local.tcl'
13:12:04 INFO  : Disconnected from the channel tcfchan#9.
13:12:05 INFO  : 'targets -set -filter {jtag_cable_name =~ "Digilent Arty 210319A2CE9FA" && level==0} -index 0' command is executed.
13:12:06 INFO  : 'fpga -state' command is executed.
13:12:06 INFO  : Connected to target on host '127.0.0.1' and port '3121'.
13:12:06 INFO  : Jtag cable 'Digilent Arty 210319A2CE9FA' is selected.
13:12:06 INFO  : 'jtag frequency' command is executed.
13:12:06 INFO  : 'configparams mdm-detect-bscan-mask 2' command is executed.
13:12:06 INFO  : Context for processor 'microblaze_0' is selected.
13:12:06 INFO  : Processor reset is completed for 'microblaze_0'.
13:12:06 INFO  : Context for processor 'microblaze_0' is selected.
13:12:06 INFO  : The application 'C:/UNSAM/Electronica_Digital_II/MicroBlaze/Sistema_Base/Sistema_Simple_3/project_1.sdk/testApp/Debug/testApp.elf' is downloaded to processor 'microblaze_0'.
13:12:06 INFO  : ----------------XSDB Script----------------
connect -url tcp:127.0.0.1:3121
configparams mdm-detect-bscan-mask 2
targets -set -nocase -filter {name =~ "microblaze*#0" && bscan=="USER2"  && jtag_cable_name =~ "Digilent Arty 210319A2CE9FA"} -index 0
rst -processor
targets -set -nocase -filter {name =~ "microblaze*#0" && bscan=="USER2"  && jtag_cable_name =~ "Digilent Arty 210319A2CE9FA"} -index 0
dow C:/UNSAM/Electronica_Digital_II/MicroBlaze/Sistema_Base/Sistema_Simple_3/project_1.sdk/testApp/Debug/testApp.elf
----------------End of Script----------------

13:12:07 INFO  : Memory regions updated for context PA
13:12:07 INFO  : Memory regions updated for context PA
13:12:07 INFO  : Context for processor 'microblaze_0' is selected.
13:12:07 INFO  : 'con' command is executed.
13:12:07 INFO  : ----------------XSDB Script (After Launch)----------------
targets -set -nocase -filter {name =~ "microblaze*#0" && bscan=="USER2"  && jtag_cable_name =~ "Digilent Arty 210319A2CE9FA"} -index 0
con
----------------End of Script----------------

13:12:07 INFO  : Launch script is exported to file 'C:\UNSAM\Electronica_Digital_II\MicroBlaze\Sistema_Base\Sistema_Simple_3\project_1.sdk\.sdk\launch_scripts\xilinx_c-c++_application_(system_debugger)\system_debugger_using_debug_testapp.elf_on_local.tcl'
13:12:40 INFO  : Disconnected from the channel tcfchan#10.
13:12:41 INFO  : 'targets -set -filter {jtag_cable_name =~ "Digilent Arty 210319A2CE9FA" && level==0} -index 0' command is executed.
13:12:41 INFO  : 'fpga -state' command is executed.
13:12:41 INFO  : Connected to target on host '127.0.0.1' and port '3121'.
13:12:42 INFO  : Jtag cable 'Digilent Arty 210319A2CE9FA' is selected.
13:12:42 INFO  : 'jtag frequency' command is executed.
13:12:42 INFO  : 'configparams mdm-detect-bscan-mask 2' command is executed.
13:12:42 INFO  : Context for processor 'microblaze_0' is selected.
13:12:42 INFO  : Processor reset is completed for 'microblaze_0'.
13:12:42 INFO  : Context for processor 'microblaze_0' is selected.
13:12:42 INFO  : The application 'C:/UNSAM/Electronica_Digital_II/MicroBlaze/Sistema_Base/Sistema_Simple_3/project_1.sdk/testApp/Debug/testApp.elf' is downloaded to processor 'microblaze_0'.
13:12:42 INFO  : ----------------XSDB Script----------------
connect -url tcp:127.0.0.1:3121
configparams mdm-detect-bscan-mask 2
targets -set -nocase -filter {name =~ "microblaze*#0" && bscan=="USER2"  && jtag_cable_name =~ "Digilent Arty 210319A2CE9FA"} -index 0
rst -processor
targets -set -nocase -filter {name =~ "microblaze*#0" && bscan=="USER2"  && jtag_cable_name =~ "Digilent Arty 210319A2CE9FA"} -index 0
dow C:/UNSAM/Electronica_Digital_II/MicroBlaze/Sistema_Base/Sistema_Simple_3/project_1.sdk/testApp/Debug/testApp.elf
----------------End of Script----------------

13:12:43 INFO  : Memory regions updated for context PA
13:12:43 INFO  : Memory regions updated for context PA
13:12:43 INFO  : Context for processor 'microblaze_0' is selected.
13:12:43 INFO  : 'con' command is executed.
13:12:43 INFO  : ----------------XSDB Script (After Launch)----------------
targets -set -nocase -filter {name =~ "microblaze*#0" && bscan=="USER2"  && jtag_cable_name =~ "Digilent Arty 210319A2CE9FA"} -index 0
con
----------------End of Script----------------

13:12:43 INFO  : Launch script is exported to file 'C:\UNSAM\Electronica_Digital_II\MicroBlaze\Sistema_Base\Sistema_Simple_3\project_1.sdk\.sdk\launch_scripts\xilinx_c-c++_application_(system_debugger)\system_debugger_using_debug_testapp.elf_on_local.tcl'
13:16:52 INFO  : Disconnected from the channel tcfchan#11.
13:16:53 INFO  : 'targets -set -filter {jtag_cable_name =~ "Digilent Arty 210319A2CE9FA" && level==0} -index 0' command is executed.
13:16:53 INFO  : 'fpga -state' command is executed.
13:16:53 INFO  : Connected to target on host '127.0.0.1' and port '3121'.
13:16:54 INFO  : Jtag cable 'Digilent Arty 210319A2CE9FA' is selected.
13:16:54 INFO  : 'jtag frequency' command is executed.
13:16:54 INFO  : 'configparams mdm-detect-bscan-mask 2' command is executed.
13:16:54 INFO  : Context for processor 'microblaze_0' is selected.
13:16:54 INFO  : Processor reset is completed for 'microblaze_0'.
13:16:54 INFO  : Context for processor 'microblaze_0' is selected.
13:16:54 INFO  : The application 'C:/UNSAM/Electronica_Digital_II/MicroBlaze/Sistema_Base/Sistema_Simple_3/project_1.sdk/testApp/Debug/testApp.elf' is downloaded to processor 'microblaze_0'.
13:16:54 INFO  : ----------------XSDB Script----------------
connect -url tcp:127.0.0.1:3121
configparams mdm-detect-bscan-mask 2
targets -set -nocase -filter {name =~ "microblaze*#0" && bscan=="USER2"  && jtag_cable_name =~ "Digilent Arty 210319A2CE9FA"} -index 0
rst -processor
targets -set -nocase -filter {name =~ "microblaze*#0" && bscan=="USER2"  && jtag_cable_name =~ "Digilent Arty 210319A2CE9FA"} -index 0
dow C:/UNSAM/Electronica_Digital_II/MicroBlaze/Sistema_Base/Sistema_Simple_3/project_1.sdk/testApp/Debug/testApp.elf
----------------End of Script----------------

13:16:55 INFO  : Memory regions updated for context PA
13:16:55 INFO  : Memory regions updated for context PA
13:16:55 INFO  : Context for processor 'microblaze_0' is selected.
13:16:55 INFO  : 'con' command is executed.
13:16:55 INFO  : ----------------XSDB Script (After Launch)----------------
targets -set -nocase -filter {name =~ "microblaze*#0" && bscan=="USER2"  && jtag_cable_name =~ "Digilent Arty 210319A2CE9FA"} -index 0
con
----------------End of Script----------------

13:16:55 INFO  : Launch script is exported to file 'C:\UNSAM\Electronica_Digital_II\MicroBlaze\Sistema_Base\Sistema_Simple_3\project_1.sdk\.sdk\launch_scripts\xilinx_c-c++_application_(system_debugger)\system_debugger_using_debug_testapp.elf_on_local.tcl'
13:18:57 INFO  : Disconnected from the channel tcfchan#12.
13:18:58 INFO  : 'targets -set -filter {jtag_cable_name =~ "Digilent Arty 210319A2CE9FA" && level==0} -index 0' command is executed.
13:18:58 INFO  : 'fpga -state' command is executed.
13:18:58 INFO  : Connected to target on host '127.0.0.1' and port '3121'.
13:18:59 INFO  : Jtag cable 'Digilent Arty 210319A2CE9FA' is selected.
13:18:59 INFO  : 'jtag frequency' command is executed.
13:18:59 INFO  : 'configparams mdm-detect-bscan-mask 2' command is executed.
13:18:59 INFO  : Context for processor 'microblaze_0' is selected.
13:18:59 INFO  : Processor reset is completed for 'microblaze_0'.
13:18:59 INFO  : Context for processor 'microblaze_0' is selected.
13:18:59 INFO  : The application 'C:/UNSAM/Electronica_Digital_II/MicroBlaze/Sistema_Base/Sistema_Simple_3/project_1.sdk/testApp/Debug/testApp.elf' is downloaded to processor 'microblaze_0'.
13:18:59 INFO  : ----------------XSDB Script----------------
connect -url tcp:127.0.0.1:3121
configparams mdm-detect-bscan-mask 2
targets -set -nocase -filter {name =~ "microblaze*#0" && bscan=="USER2"  && jtag_cable_name =~ "Digilent Arty 210319A2CE9FA"} -index 0
rst -processor
targets -set -nocase -filter {name =~ "microblaze*#0" && bscan=="USER2"  && jtag_cable_name =~ "Digilent Arty 210319A2CE9FA"} -index 0
dow C:/UNSAM/Electronica_Digital_II/MicroBlaze/Sistema_Base/Sistema_Simple_3/project_1.sdk/testApp/Debug/testApp.elf
----------------End of Script----------------

13:18:59 INFO  : Memory regions updated for context PA
13:18:59 INFO  : Memory regions updated for context PA
13:18:59 INFO  : Context for processor 'microblaze_0' is selected.
13:18:59 INFO  : 'con' command is executed.
13:18:59 INFO  : ----------------XSDB Script (After Launch)----------------
targets -set -nocase -filter {name =~ "microblaze*#0" && bscan=="USER2"  && jtag_cable_name =~ "Digilent Arty 210319A2CE9FA"} -index 0
con
----------------End of Script----------------

13:18:59 INFO  : Launch script is exported to file 'C:\UNSAM\Electronica_Digital_II\MicroBlaze\Sistema_Base\Sistema_Simple_3\project_1.sdk\.sdk\launch_scripts\xilinx_c-c++_application_(system_debugger)\system_debugger_using_debug_testapp.elf_on_local.tcl'
13:19:39 INFO  : Disconnected from the channel tcfchan#13.
13:19:40 INFO  : 'targets -set -filter {jtag_cable_name =~ "Digilent Arty 210319A2CE9FA" && level==0} -index 0' command is executed.
13:19:40 INFO  : 'fpga -state' command is executed.
13:19:40 INFO  : Connected to target on host '127.0.0.1' and port '3121'.
13:19:41 INFO  : Jtag cable 'Digilent Arty 210319A2CE9FA' is selected.
13:19:41 INFO  : 'jtag frequency' command is executed.
13:19:41 INFO  : 'configparams mdm-detect-bscan-mask 2' command is executed.
13:19:41 INFO  : Context for processor 'microblaze_0' is selected.
13:19:41 INFO  : Processor reset is completed for 'microblaze_0'.
13:19:41 INFO  : Context for processor 'microblaze_0' is selected.
13:19:41 INFO  : The application 'C:/UNSAM/Electronica_Digital_II/MicroBlaze/Sistema_Base/Sistema_Simple_3/project_1.sdk/testApp/Debug/testApp.elf' is downloaded to processor 'microblaze_0'.
13:19:41 INFO  : ----------------XSDB Script----------------
connect -url tcp:127.0.0.1:3121
configparams mdm-detect-bscan-mask 2
targets -set -nocase -filter {name =~ "microblaze*#0" && bscan=="USER2"  && jtag_cable_name =~ "Digilent Arty 210319A2CE9FA"} -index 0
rst -processor
targets -set -nocase -filter {name =~ "microblaze*#0" && bscan=="USER2"  && jtag_cable_name =~ "Digilent Arty 210319A2CE9FA"} -index 0
dow C:/UNSAM/Electronica_Digital_II/MicroBlaze/Sistema_Base/Sistema_Simple_3/project_1.sdk/testApp/Debug/testApp.elf
----------------End of Script----------------

13:19:41 INFO  : Memory regions updated for context PA
13:19:41 INFO  : Memory regions updated for context PA
13:19:41 INFO  : Context for processor 'microblaze_0' is selected.
13:19:41 INFO  : 'con' command is executed.
13:19:41 INFO  : ----------------XSDB Script (After Launch)----------------
targets -set -nocase -filter {name =~ "microblaze*#0" && bscan=="USER2"  && jtag_cable_name =~ "Digilent Arty 210319A2CE9FA"} -index 0
con
----------------End of Script----------------

13:19:41 INFO  : Launch script is exported to file 'C:\UNSAM\Electronica_Digital_II\MicroBlaze\Sistema_Base\Sistema_Simple_3\project_1.sdk\.sdk\launch_scripts\xilinx_c-c++_application_(system_debugger)\system_debugger_using_debug_testapp.elf_on_local.tcl'
13:20:07 INFO  : Disconnected from the channel tcfchan#14.
13:20:08 INFO  : 'targets -set -filter {jtag_cable_name =~ "Digilent Arty 210319A2CE9FA" && level==0} -index 0' command is executed.
13:20:08 INFO  : 'fpga -state' command is executed.
13:20:09 INFO  : Connected to target on host '127.0.0.1' and port '3121'.
13:20:09 INFO  : Jtag cable 'Digilent Arty 210319A2CE9FA' is selected.
13:20:09 INFO  : 'jtag frequency' command is executed.
13:20:09 INFO  : 'configparams mdm-detect-bscan-mask 2' command is executed.
13:20:09 INFO  : Context for processor 'microblaze_0' is selected.
13:20:09 INFO  : Processor reset is completed for 'microblaze_0'.
13:20:09 INFO  : Context for processor 'microblaze_0' is selected.
13:20:10 INFO  : The application 'C:/UNSAM/Electronica_Digital_II/MicroBlaze/Sistema_Base/Sistema_Simple_3/project_1.sdk/testApp/Debug/testApp.elf' is downloaded to processor 'microblaze_0'.
13:20:10 INFO  : ----------------XSDB Script----------------
connect -url tcp:127.0.0.1:3121
configparams mdm-detect-bscan-mask 2
targets -set -nocase -filter {name =~ "microblaze*#0" && bscan=="USER2"  && jtag_cable_name =~ "Digilent Arty 210319A2CE9FA"} -index 0
rst -processor
targets -set -nocase -filter {name =~ "microblaze*#0" && bscan=="USER2"  && jtag_cable_name =~ "Digilent Arty 210319A2CE9FA"} -index 0
dow C:/UNSAM/Electronica_Digital_II/MicroBlaze/Sistema_Base/Sistema_Simple_3/project_1.sdk/testApp/Debug/testApp.elf
----------------End of Script----------------

13:20:10 INFO  : Memory regions updated for context PA
13:20:10 INFO  : Memory regions updated for context PA
13:20:10 INFO  : Context for processor 'microblaze_0' is selected.
13:20:10 INFO  : 'con' command is executed.
13:20:10 INFO  : ----------------XSDB Script (After Launch)----------------
targets -set -nocase -filter {name =~ "microblaze*#0" && bscan=="USER2"  && jtag_cable_name =~ "Digilent Arty 210319A2CE9FA"} -index 0
con
----------------End of Script----------------

13:20:10 INFO  : Launch script is exported to file 'C:\UNSAM\Electronica_Digital_II\MicroBlaze\Sistema_Base\Sistema_Simple_3\project_1.sdk\.sdk\launch_scripts\xilinx_c-c++_application_(system_debugger)\system_debugger_using_debug_testapp.elf_on_local.tcl'
13:22:04 INFO  : Disconnected from the channel tcfchan#15.
17:53:54 INFO  : Registering command handlers for SDK TCF services
17:53:58 INFO  : Launching XSCT server: xsct.bat -interactive C:\UNSAM\Electronica_Digital_II\MicroBlaze\Sistema_Base\Sistema_Simple_3\project_1.sdk\temp_xsdb_launch_script.tcl
17:54:18 INFO  : XSCT server has started successfully.
17:54:28 INFO  : Successfully done setting XSCT server connection channel  
17:54:28 INFO  : Successfully done setting SDK workspace  
17:54:28 INFO  : Processing command line option -hwspec C:/UNSAM/Electronica_Digital_II/MicroBlaze/Sistema_Base/Sistema_Simple_3/project_1.sdk/design_1_wrapper.hdf.
17:54:29 INFO  : Checking for hwspec changes in the project design_1_wrapper_hw_platform_0.
18:05:14 INFO  : Registering command handlers for SDK TCF services
18:05:17 INFO  : Launching XSCT server: xsct.bat -interactive C:\UNSAM\Electronica_Digital_II\MicroBlaze\Sistema_Base\Sistema_Simple_3\project_1.sdk\temp_xsdb_launch_script.tcl
18:05:31 INFO  : XSCT server has started successfully.
18:05:34 INFO  : Successfully done setting XSCT server connection channel  
18:05:34 INFO  : Processing command line option -hwspec C:/UNSAM/Electronica_Digital_II/MicroBlaze/Sistema_Base/Sistema_Simple_3/project_1.sdk/design_1_wrapper.hdf.
18:05:34 INFO  : Successfully done setting SDK workspace  
18:05:38 INFO  : Checking for hwspec changes in the project design_1_wrapper_hw_platform_0.
18:10:15 INFO  : Registering command handlers for SDK TCF services
18:10:20 INFO  : Launching XSCT server: xsct.bat -interactive C:\UNSAM\Electronica_Digital_II\MicroBlaze\Sistema_Base\Sistema_Simple_3\project_1.sdk\temp_xsdb_launch_script.tcl
18:10:47 INFO  : XSCT server has started successfully.
18:10:51 INFO  : Successfully done setting XSCT server connection channel  
18:10:51 INFO  : Successfully done setting SDK workspace  
18:10:51 INFO  : Processing command line option -hwspec C:/UNSAM/Electronica_Digital_II/MicroBlaze/Sistema_Base/Sistema_Simple_3/project_1.sdk/design_1_wrapper.hdf.
18:10:52 INFO  : Checking for hwspec changes in the project design_1_wrapper_hw_platform_0.
18:11:29 INFO  : 'targets -set -filter {jtag_cable_name =~ "Digilent Arty 210319A2CE9FA" && level==0} -index 0' command is executed.
18:11:29 INFO  : 'fpga -state' command is executed.
18:11:29 INFO  : Connected to target on host '127.0.0.1' and port '3121'.
18:11:30 INFO  : Jtag cable 'Digilent Arty 210319A2CE9FA' is selected.
18:11:30 INFO  : 'jtag frequency' command is executed.
18:11:30 INFO  : 'configparams mdm-detect-bscan-mask 2' command is executed.
18:11:30 INFO  : Context for processor 'microblaze_0' is selected.
18:11:30 INFO  : Processor reset is completed for 'microblaze_0'.
18:11:31 INFO  : Context for processor 'microblaze_0' is selected.
18:11:31 INFO  : The application 'C:/UNSAM/Electronica_Digital_II/MicroBlaze/Sistema_Base/Sistema_Simple_3/project_1.sdk/testApp/Debug/testApp.elf' is downloaded to processor 'microblaze_0'.
18:11:31 INFO  : ----------------XSDB Script----------------
connect -url tcp:127.0.0.1:3121
configparams mdm-detect-bscan-mask 2
targets -set -nocase -filter {name =~ "microblaze*#0" && bscan=="USER2"  && jtag_cable_name =~ "Digilent Arty 210319A2CE9FA"} -index 0
rst -processor
targets -set -nocase -filter {name =~ "microblaze*#0" && bscan=="USER2"  && jtag_cable_name =~ "Digilent Arty 210319A2CE9FA"} -index 0
dow C:/UNSAM/Electronica_Digital_II/MicroBlaze/Sistema_Base/Sistema_Simple_3/project_1.sdk/testApp/Debug/testApp.elf
----------------End of Script----------------

18:11:31 INFO  : Memory regions updated for context PA
18:11:31 INFO  : Memory regions updated for context PA
18:11:31 INFO  : Context for processor 'microblaze_0' is selected.
18:11:31 INFO  : 'con' command is executed.
18:11:31 INFO  : ----------------XSDB Script (After Launch)----------------
targets -set -nocase -filter {name =~ "microblaze*#0" && bscan=="USER2"  && jtag_cable_name =~ "Digilent Arty 210319A2CE9FA"} -index 0
con
----------------End of Script----------------

18:11:32 INFO  : Launch script is exported to file 'C:\UNSAM\Electronica_Digital_II\MicroBlaze\Sistema_Base\Sistema_Simple_3\project_1.sdk\.sdk\launch_scripts\xilinx_c-c++_application_(system_debugger)\system_debugger_using_debug_testapp.elf_on_local.tcl'
18:13:48 INFO  : Disconnected from the channel tcfchan#1.
18:13:50 INFO  : 'targets -set -filter {jtag_cable_name =~ "Digilent Arty 210319A2CE9FA" && level==0} -index 0' command is executed.
18:13:50 INFO  : 'fpga -state' command is executed.
18:13:50 INFO  : Connected to target on host '127.0.0.1' and port '3121'.
18:13:54 INFO  : Jtag cable 'Digilent Arty 210319A2CE9FA' is selected.
18:13:54 INFO  : 'jtag frequency' command is executed.
18:13:54 INFO  : 'configparams mdm-detect-bscan-mask 2' command is executed.
18:13:54 INFO  : Context for processor 'microblaze_0' is selected.
18:13:54 INFO  : Processor reset is completed for 'microblaze_0'.
18:13:54 INFO  : Context for processor 'microblaze_0' is selected.
18:13:55 INFO  : The application 'C:/UNSAM/Electronica_Digital_II/MicroBlaze/Sistema_Base/Sistema_Simple_3/project_1.sdk/testApp/Debug/testApp.elf' is downloaded to processor 'microblaze_0'.
18:13:55 INFO  : ----------------XSDB Script----------------
connect -url tcp:127.0.0.1:3121
configparams mdm-detect-bscan-mask 2
targets -set -nocase -filter {name =~ "microblaze*#0" && bscan=="USER2"  && jtag_cable_name =~ "Digilent Arty 210319A2CE9FA"} -index 0
rst -processor
targets -set -nocase -filter {name =~ "microblaze*#0" && bscan=="USER2"  && jtag_cable_name =~ "Digilent Arty 210319A2CE9FA"} -index 0
dow C:/UNSAM/Electronica_Digital_II/MicroBlaze/Sistema_Base/Sistema_Simple_3/project_1.sdk/testApp/Debug/testApp.elf
----------------End of Script----------------

18:13:56 INFO  : 'targets -set -filter {jtag_cable_name =~ "Digilent Arty 210319A2CE9FA" && level==0} -index 0' command is executed.
18:13:56 INFO  : Memory regions updated for context PA
18:13:56 INFO  : Memory regions updated for context PA
18:13:56 INFO  : 'fpga -state' command is executed.
18:13:57 INFO  : Context for processor 'microblaze_0' is selected.
18:13:57 INFO  : Connected to target on host '127.0.0.1' and port '3121'.
18:13:57 INFO  : 'con' command is executed.
18:13:57 INFO  : ----------------XSDB Script (After Launch)----------------
targets -set -nocase -filter {name =~ "microblaze*#0" && bscan=="USER2"  && jtag_cable_name =~ "Digilent Arty 210319A2CE9FA"} -index 0
con
----------------End of Script----------------

18:13:57 INFO  : Launch script is exported to file 'C:\UNSAM\Electronica_Digital_II\MicroBlaze\Sistema_Base\Sistema_Simple_3\project_1.sdk\.sdk\launch_scripts\xilinx_c-c++_application_(system_debugger)\system_debugger_using_debug_testapp.elf_on_local.tcl'
18:13:59 INFO  : Jtag cable 'Digilent Arty 210319A2CE9FA' is selected.
18:13:59 INFO  : 'jtag frequency' command is executed.
18:13:59 INFO  : 'configparams mdm-detect-bscan-mask 2' command is executed.
18:13:59 INFO  : Context for processor 'microblaze_0' is selected.
18:13:59 INFO  : Processor reset is completed for 'microblaze_0'.
18:14:00 INFO  : Context for processor 'microblaze_0' is selected.
18:14:00 INFO  : The application 'C:/UNSAM/Electronica_Digital_II/MicroBlaze/Sistema_Base/Sistema_Simple_3/project_1.sdk/testApp/Debug/testApp.elf' is downloaded to processor 'microblaze_0'.
18:14:00 INFO  : ----------------XSDB Script----------------
connect -url tcp:127.0.0.1:3121
configparams mdm-detect-bscan-mask 2
targets -set -nocase -filter {name =~ "microblaze*#0" && bscan=="USER2"  && jtag_cable_name =~ "Digilent Arty 210319A2CE9FA"} -index 0
rst -processor
targets -set -nocase -filter {name =~ "microblaze*#0" && bscan=="USER2"  && jtag_cable_name =~ "Digilent Arty 210319A2CE9FA"} -index 0
dow C:/UNSAM/Electronica_Digital_II/MicroBlaze/Sistema_Base/Sistema_Simple_3/project_1.sdk/testApp/Debug/testApp.elf
----------------End of Script----------------

18:14:01 INFO  : Memory regions updated for context PA
18:14:01 INFO  : Memory regions updated for context PA
18:14:01 INFO  : Context for processor 'microblaze_0' is selected.
18:14:01 INFO  : 'con' command is executed.
18:14:01 INFO  : ----------------XSDB Script (After Launch)----------------
targets -set -nocase -filter {name =~ "microblaze*#0" && bscan=="USER2"  && jtag_cable_name =~ "Digilent Arty 210319A2CE9FA"} -index 0
con
----------------End of Script----------------

18:14:02 INFO  : Launch script is exported to file 'C:\UNSAM\Electronica_Digital_II\MicroBlaze\Sistema_Base\Sistema_Simple_3\project_1.sdk\.sdk\launch_scripts\xilinx_c-c++_application_(system_debugger)\system_debugger_using_debug_testapp.elf_on_local.tcl'
18:21:23 INFO  : Disconnected from the channel tcfchan#2.
21:08:28 INFO  : Registering command handlers for SDK TCF services
21:08:29 INFO  : Launching XSCT server: xsct.bat -interactive C:\UNSAM\Electronica_Digital_II\MicroBlaze\Sistema_Base\Sistema_Simple_3\project_1.sdk\temp_xsdb_launch_script.tcl
21:08:33 INFO  : XSCT server has started successfully.
21:08:35 INFO  : Successfully done setting XSCT server connection channel  
21:08:35 INFO  : Successfully done setting SDK workspace  
